<html>
<head>
<title>TestNG:  Surefire test</title>
<link href="../testng.css" rel="stylesheet" type="text/css" />
<link href="../my-testng.css" rel="stylesheet" type="text/css" />

<style type="text/css">
.log { display: none;} 
.stack-trace { display: none;} 
</style>
<script type="text/javascript">
<!--
function flip(e) {
  current = e.style.display;
  if (current == 'block') {
    e.style.display = 'none';
    return 0;
  }
  else {
    e.style.display = 'block';
    return 1;
  }
}

function toggleBox(szDivId, elem, msg1, msg2)
{
  var res = -1;  if (document.getElementById) {
    res = flip(document.getElementById(szDivId));
  }
  else if (document.all) {
    // this is the way old msie versions work
    res = flip(document.all[szDivId]);
  }
  if(elem) {
    if(res == 0) elem.innerHTML = msg1; else elem.innerHTML = msg2;
  }

}

function toggleAllBoxes() {
  if (document.getElementsByTagName) {
    d = document.getElementsByTagName('div');
    for (i = 0; i < d.length; i++) {
      if (d[i].className == 'log') {
        flip(d[i]);
      }
    }
  }
}

// -->
</script>

</head>
<body>
<h2 align='center'>Surefire test</h2><table border='1' align="center">
<tr>
<td>Tests passed/Failed/Skipped:</td><td>13/1/0</td>
</tr><tr>
<td>Started on:</td><td>Tue Jun 14 23:12:56 EET 2022</td>
</tr>
<tr><td>Total time:</td><td>162 seconds (162794 ms)</td>
</tr><tr>
<td>Included groups:</td><td></td>
</tr><tr>
<td>Excluded groups:</td><td></td>
</tr>
</table><p/>
<small><i>(Hover the method name to see the test class name)</i></small><p/>
<table width='100%' border='1' class='invocation-failed'>
<tr><td colspan='4' align='center'><b>FAILED TESTS</b></td></tr>
<tr><td><b>Test method</b></td>
<td width="30%"><b>Exception</b></td>
<td width="10%"><b>Time (seconds)</b></td>
<td><b>Instance</b></td>
</tr>
<tr>
<td title='com.automation.runners.TestRunner.runScenario()'><b>runScenario</b><br>Test class: com.automation.runners.TestRunner<br>Test method: Runs Cucumber Scenarios<br>Parameters: "user edit shopping cart", "Optional[F11_addToCart | Logged user could add different products to Shopping cart]"</td>
<td><div><pre>org.openqa.selenium.NoSuchElementException: no such element: Unable to locate element: {&quot;method&quot;:&quot;xpath&quot;,&quot;selector&quot;:&quot;//td[@class=&quot;quantity&quot;]/input[@class=&quot;qty-input&quot;] &quot;}
  (Session info: chrome=102.0.5005.115)
For documentation on this error, please visit: https://selenium.dev/exceptions/#no_such_element
Build info: version: &apos;4.1.2&apos;, revision: &apos;9a5a329c5a&apos;
System info: host: &apos;DESKTOP-CRROM10&apos;, ip: &apos;192.168.1.8&apos;, os.name: &apos;Windows 10&apos;, os.arch: &apos;amd64&apos;, os.version: &apos;10.0&apos;, java.version: &apos;16.0.2&apos;
Driver info: org.openqa.selenium.chrome.ChromeDriver
Command: [e907d6ca848f99731d4a4c828dbea637, findElement {using=xpath, value=//td[@class=&quot;quantity&quot;]/input[@class=&quot;qty-input&quot;] }]
Capabilities {acceptInsecureCerts: false, browserName: chrome, browserVersion: 102.0.5005.115, chrome: {chromedriverVersion: 102.0.5005.61 (0e59bcc00cc4..., userDataDir: C:\Users\ADMINI~1\AppData\L...}, goog:chromeOptions: {debuggerAddress: localhost:51346}, javascriptEnabled: true, networkConnectionEnabled: false, pageLoadStrategy: normal, platform: WINDOWS, platformName: WINDOWS, proxy: Proxy(), se:cdp: ws://localhost:51346/devtoo..., se:cdpVersion: 102.0.5005.115, setWindowRect: true, strictFileInteractability: false, timeouts: {implicit: 0, pageLoad: 300000, script: 30000}, unhandledPromptBehavior: dismiss and notify, webauthn:extension:credBlob: true, webauthn:extension:largeBlob: true, webauthn:virtualAuthenticators: true}
Session ID: e907d6ca848f99731d4a4c828dbea637
	at org.openqa.selenium.remote.codec.w3c.W3CHttpResponseCodec.createException(W3CHttpResponseCodec.java:200)
	at org.openqa.selenium.remote.codec.w3c.W3CHttpResponseCodec.decode(W3CHttpResponseCodec.java:133)
	at org.openqa.selenium.remote.codec.w3c.W3CHttpResponseCodec.decode(W3CHttpResponseCodec.java:53)
	at org.openqa.selenium.remote.HttpCommandExecutor.execute(HttpCommandExecutor.java:184)
	at org.openqa.selenium.remote.service.DriverCommandExecutor.invokeExecute(DriverCommandExecutor.java:167)
	at org.openqa.selenium.remote.service.DriverCommandExecutor.execute(DriverCommandExecutor.java:142)
	at org.openqa.selenium.remote.RemoteWebDriver.execute(RemoteWebDriver.java:558)
	at org.openqa.selenium.remote.ElementLocation$ElementFinder$2.findElement(ElementLocation.java:162)
	at org.openqa.selenium.remote.ElementLocation.findElement(ElementLocation.java:60)
	at org.openqa.selenium.remote.RemoteWebDriver.findElement(RemoteWebDriver.java:382)
	at org.openqa.selenium.remote.RemoteWebDriver.findElement(RemoteWebDriver.java:374)
	at pages.Cart.changeQuantity(Cart.java:30)
	at com.automation.step_definitions.AddToCart.change_product_quantity(AddToCart.java:37)
	at ?.User can change product quantity in shipping cart(file:///C:/Users/Administrator/Downloads/E-Commerce%20Automation-Test/E-Commerce%20Automation-Test/src/main/resources/features/F11_addToCart.feature:11)
... Removed 5 stack frames</pre></div><a href='#' onClick='toggleBox("stack-trace79702169", this, "Click to show all stack frames", "Click to hide stack frames")'>Click to show all stack frames</a>
<div class='stack-trace' id='stack-trace79702169'><pre>org.openqa.selenium.NoSuchElementException: no such element: Unable to locate element: {&quot;method&quot;:&quot;xpath&quot;,&quot;selector&quot;:&quot;//td[@class=&quot;quantity&quot;]/input[@class=&quot;qty-input&quot;] &quot;}
  (Session info: chrome=102.0.5005.115)
For documentation on this error, please visit: https://selenium.dev/exceptions/#no_such_element
Build info: version: &apos;4.1.2&apos;, revision: &apos;9a5a329c5a&apos;
System info: host: &apos;DESKTOP-CRROM10&apos;, ip: &apos;192.168.1.8&apos;, os.name: &apos;Windows 10&apos;, os.arch: &apos;amd64&apos;, os.version: &apos;10.0&apos;, java.version: &apos;16.0.2&apos;
Driver info: org.openqa.selenium.chrome.ChromeDriver
Command: [e907d6ca848f99731d4a4c828dbea637, findElement {using=xpath, value=//td[@class=&quot;quantity&quot;]/input[@class=&quot;qty-input&quot;] }]
Capabilities {acceptInsecureCerts: false, browserName: chrome, browserVersion: 102.0.5005.115, chrome: {chromedriverVersion: 102.0.5005.61 (0e59bcc00cc4..., userDataDir: C:\Users\ADMINI~1\AppData\L...}, goog:chromeOptions: {debuggerAddress: localhost:51346}, javascriptEnabled: true, networkConnectionEnabled: false, pageLoadStrategy: normal, platform: WINDOWS, platformName: WINDOWS, proxy: Proxy(), se:cdp: ws://localhost:51346/devtoo..., se:cdpVersion: 102.0.5005.115, setWindowRect: true, strictFileInteractability: false, timeouts: {implicit: 0, pageLoad: 300000, script: 30000}, unhandledPromptBehavior: dismiss and notify, webauthn:extension:credBlob: true, webauthn:extension:largeBlob: true, webauthn:virtualAuthenticators: true}
Session ID: e907d6ca848f99731d4a4c828dbea637
	at java.base/jdk.internal.reflect.NativeConstructorAccessorImpl.newInstance0(Native Method)
	at java.base/jdk.internal.reflect.NativeConstructorAccessorImpl.newInstance(NativeConstructorAccessorImpl.java:78)
	at java.base/jdk.internal.reflect.DelegatingConstructorAccessorImpl.newInstance(DelegatingConstructorAccessorImpl.java:45)
	at java.base/java.lang.reflect.Constructor.newInstanceWithCaller(Constructor.java:499)
	at java.base/java.lang.reflect.Constructor.newInstance(Constructor.java:480)
	at org.openqa.selenium.remote.codec.w3c.W3CHttpResponseCodec.createException(W3CHttpResponseCodec.java:200)
	at org.openqa.selenium.remote.codec.w3c.W3CHttpResponseCodec.decode(W3CHttpResponseCodec.java:133)
	at org.openqa.selenium.remote.codec.w3c.W3CHttpResponseCodec.decode(W3CHttpResponseCodec.java:53)
	at org.openqa.selenium.remote.HttpCommandExecutor.execute(HttpCommandExecutor.java:184)
	at org.openqa.selenium.remote.service.DriverCommandExecutor.invokeExecute(DriverCommandExecutor.java:167)
	at org.openqa.selenium.remote.service.DriverCommandExecutor.execute(DriverCommandExecutor.java:142)
	at org.openqa.selenium.remote.RemoteWebDriver.execute(RemoteWebDriver.java:558)
	at org.openqa.selenium.remote.ElementLocation$ElementFinder$2.findElement(ElementLocation.java:162)
	at org.openqa.selenium.remote.ElementLocation.findElement(ElementLocation.java:60)
	at org.openqa.selenium.remote.RemoteWebDriver.findElement(RemoteWebDriver.java:382)
	at org.openqa.selenium.remote.RemoteWebDriver.findElement(RemoteWebDriver.java:374)
	at pages.Cart.changeQuantity(Cart.java:30)
	at com.automation.step_definitions.AddToCart.change_product_quantity(AddToCart.java:37)
	at ?.User can change product quantity in shipping cart(file:///C:/Users/Administrator/Downloads/E-Commerce%20Automation-Test/E-Commerce%20Automation-Test/src/main/resources/features/F11_addToCart.feature:11)
</pre></div></td>
<td>12</td>
<td>com.automation.runners.TestRunner@1018bde2</td></tr>
</table><p>
<table width='100%' border='1' class='invocation-passed'>
<tr><td colspan='4' align='center'><b>PASSED TESTS</b></td></tr>
<tr><td><b>Test method</b></td>
<td width="30%"><b>Exception</b></td>
<td width="10%"><b>Time (seconds)</b></td>
<td><b>Instance</b></td>
</tr>
<tr>
<td title='com.automation.runners.TestRunner.runScenario()'><b>runScenario</b><br>Test class: com.automation.runners.TestRunner<br>Test method: Runs Cucumber Scenarios<br>Parameters: "User should be able to register with valid username and password", "Optional[F01_register | User could register with valid data]"</td>
<td></td>
<td>8</td>
<td>com.automation.runners.TestRunner@1018bde2</td></tr>
<tr>
<td title='com.automation.runners.TestRunner.runScenario()'><b>runScenario</b><br>Test class: com.automation.runners.TestRunner<br>Test method: Runs Cucumber Scenarios<br>Parameters: "Success message appear after user reset his/her password", "Optional[F03_resetPassword |User could reset his/her password successfully]"</td>
<td></td>
<td>11</td>
<td>com.automation.runners.TestRunner@1018bde2</td></tr>
<tr>
<td title='com.automation.runners.TestRunner.runScenario()'><b>runScenario</b><br>Test class: com.automation.runners.TestRunner<br>Test method: Runs Cucumber Scenarios<br>Parameters: "", "Optional[F_12 Create successful Order]"</td>
<td></td>
<td>22</td>
<td>com.automation.runners.TestRunner@1018bde2</td></tr>
<tr>
<td title='com.automation.runners.TestRunner.runScenario()'><b>runScenario</b><br>Test class: com.automation.runners.TestRunner<br>Test method: Runs Cucumber Scenarios<br>Parameters: "AddTo Compare List", "Optional[F10_AddToCompareList | Logged user could add different products to compare list]"</td>
<td></td>
<td>10</td>
<td>com.automation.runners.TestRunner@1018bde2</td></tr>
<tr>
<td title='com.automation.runners.TestRunner.runScenario()'><b>runScenario</b><br>Test class: com.automation.runners.TestRunner<br>Test method: Runs Cucumber Scenarios<br>Parameters: "user could login with valid email and password", "Optional[F02_login | users could use login functionality to open their accounts]"</td>
<td></td>
<td>6</td>
<td>com.automation.runners.TestRunner@1018bde2</td></tr>
<tr>
<td title='com.automation.runners.TestRunner.runScenario()'><b>runScenario</b><br>Test class: com.automation.runners.TestRunner<br>Test method: Runs Cucumber Scenarios<br>Parameters: "add To Wishlist", "Optional[F05_addToWishlist | Logged user could add different products to Wishlist]"</td>
<td></td>
<td>8</td>
<td>com.automation.runners.TestRunner@1018bde2</td></tr>
<tr>
<td title='com.automation.runners.TestRunner.runScenario()'><b>runScenario</b><br>Test class: com.automation.runners.TestRunner<br>Test method: Runs Cucumber Scenarios<br>Parameters: "user could makes advanced search", "Optional[F04_search | Logged User could search for any product]"</td>
<td></td>
<td>6</td>
<td>com.automation.runners.TestRunner@1018bde2</td></tr>
<tr>
<td title='com.automation.runners.TestRunner.runScenario()'><b>runScenario</b><br>Test class: com.automation.runners.TestRunner<br>Test method: Runs Cucumber Scenarios<br>Parameters: "user could search for product using full name", "Optional[F04_search | Logged User could search for any product]"</td>
<td></td>
<td>7</td>
<td>com.automation.runners.TestRunner@1018bde2</td></tr>
<tr>
<td title='com.automation.runners.TestRunner.runScenario()'><b>runScenario</b><br>Test class: com.automation.runners.TestRunner<br>Test method: Runs Cucumber Scenarios<br>Parameters: "user filter products with specific color", "Optional[F06_filterWithColor | Logged user could filter with color]"</td>
<td></td>
<td>7</td>
<td>com.automation.runners.TestRunner@1018bde2</td></tr>
<tr>
<td title='com.automation.runners.TestRunner.runScenario()'><b>runScenario</b><br>Test class: com.automation.runners.TestRunner<br>Test method: Runs Cucumber Scenarios<br>Parameters: "user could select tags", "Optional[F09_selectTags | Logged user could select different tags]"</td>
<td></td>
<td>7</td>
<td>com.automation.runners.TestRunner@1018bde2</td></tr>
<tr>
<td title='com.automation.runners.TestRunner.runScenario()'><b>runScenario</b><br>Test class: com.automation.runners.TestRunner<br>Test method: Runs Cucumber Scenarios<br>Parameters: "Select random category then hover and open sub-Category", "Optional[F07_selectCategories | Logged user could select different Categories]"</td>
<td></td>
<td>4</td>
<td>com.automation.runners.TestRunner@1018bde2</td></tr>
<tr>
<td title='com.automation.runners.TestRunner.runScenario()'><b>runScenario</b><br>Test class: com.automation.runners.TestRunner<br>Test method: Runs Cucumber Scenarios<br>Parameters: "user add products to cart", "Optional[F11_addToCart | Logged user could add different products to Shopping cart]"</td>
<td></td>
<td>5</td>
<td>com.automation.runners.TestRunner@1018bde2</td></tr>
<tr>
<td title='com.automation.runners.TestRunner.runScenario()'><b>runScenario</b><br>Test class: com.automation.runners.TestRunner<br>Test method: Runs Cucumber Scenarios<br>Parameters: "User could switch between currencies US-Euro", "Optional[F08_switchCurrencies | Logged User could switch between currencies]"</td>
<td></td>
<td>5</td>
<td>com.automation.runners.TestRunner@1018bde2</td></tr>
</table><p>
</body>
</html>