<?xml version="1.0" encoding="UTF-8"?>
<!-- Generated by org.testng.reporters.JUnitReportReporter -->
<testsuite hostname="DESKTOP-CRROM10" failures="0" tests="14" name="com.automation.runners.TestRunner" time="125.660" errors="1" timestamp="2022-06-14T23:15:39 EET" skipped="0">
  <testcase classname="com.automation.runners.TestRunner" name="runScenario" time="8.982"/>
  <system-out/>
  <testcase classname="com.automation.runners.TestRunner" name="runScenario" time="11.663"/>
  <system-out/>
  <testcase classname="com.automation.runners.TestRunner" name="runScenario" time="22.893"/>
  <system-out/>
  <testcase classname="com.automation.runners.TestRunner" name="runScenario" time="10.084"/>
  <system-out/>
  <testcase classname="com.automation.runners.TestRunner" name="runScenario" time="6.833"/>
  <system-out/>
  <testcase classname="com.automation.runners.TestRunner" name="runScenario" time="8.816"/>
  <system-out/>
  <testcase classname="com.automation.runners.TestRunner" name="runScenario" time="6.141"/>
  <system-out/>
  <testcase classname="com.automation.runners.TestRunner" name="runScenario" time="7.009"/>
  <system-out/>
  <testcase classname="com.automation.runners.TestRunner" name="runScenario" time="7.282"/>
  <system-out/>
  <testcase classname="com.automation.runners.TestRunner" name="runScenario" time="7.497"/>
  <system-out/>
  <testcase classname="com.automation.runners.TestRunner" name="runScenario" time="4.914"/>
  <system-out/>
  <testcase classname="com.automation.runners.TestRunner" name="runScenario" time="12.118">
    <error message="no such element: Unable to locate element: {&quot;method&quot;:&quot;xpath&quot;,&quot;selector&quot;:&quot;//td[@class=&quot;quantity&quot;]/input[@class=&quot;qty-input&quot;] &quot;}
  (Session info: chrome=102.0.5005.115)
For documentation on this error, please visit: https://selenium.dev/exceptions/#no_such_element
Build info: version: &#039;4.1.2&#039;, revision: &#039;9a5a329c5a&#039;
System info: host: &#039;DESKTOP-CRROM10&#039;, ip: &#039;192.168.1.8&#039;, os.name: &#039;Windows 10&#039;, os.arch: &#039;amd64&#039;, os.version: &#039;10.0&#039;, java.version: &#039;16.0.2&#039;
Driver info: org.openqa.selenium.chrome.ChromeDriver
Command: [e907d6ca848f99731d4a4c828dbea637, findElement {using=xpath, value=//td[@class=&quot;quantity&quot;]/input[@class=&quot;qty-input&quot;] }]
Capabilities {acceptInsecureCerts: false, browserName: chrome, browserVersion: 102.0.5005.115, chrome: {chromedriverVersion: 102.0.5005.61 (0e59bcc00cc4..., userDataDir: C:\Users\ADMINI~1\AppData\L...}, goog:chromeOptions: {debuggerAddress: localhost:51346}, javascriptEnabled: true, networkConnectionEnabled: false, pageLoadStrategy: normal, platform: WINDOWS, platformName: WINDOWS, proxy: Proxy(), se:cdp: ws://localhost:51346/devtoo..., se:cdpVersion: 102.0.5005.115, setWindowRect: true, strictFileInteractability: false, timeouts: {implicit: 0, pageLoad: 300000, script: 30000}, unhandledPromptBehavior: dismiss and notify, webauthn:extension:credBlob: true, webauthn:extension:largeBlob: true, webauthn:virtualAuthenticators: true}
Session ID: e907d6ca848f99731d4a4c828dbea637" type="org.openqa.selenium.NoSuchElementException">
      <![CDATA[org.openqa.selenium.NoSuchElementException: no such element: Unable to locate element: {"method":"xpath","selector":"//td[@class="quantity"]/input[@class="qty-input"] "}
  (Session info: chrome=102.0.5005.115)
For documentation on this error, please visit: https://selenium.dev/exceptions/#no_such_element
Build info: version: '4.1.2', revision: '9a5a329c5a'
System info: host: 'DESKTOP-CRROM10', ip: '192.168.1.8', os.name: 'Windows 10', os.arch: 'amd64', os.version: '10.0', java.version: '16.0.2'
Driver info: org.openqa.selenium.chrome.ChromeDriver
Command: [e907d6ca848f99731d4a4c828dbea637, findElement {using=xpath, value=//td[@class="quantity"]/input[@class="qty-input"] }]
Capabilities {acceptInsecureCerts: false, browserName: chrome, browserVersion: 102.0.5005.115, chrome: {chromedriverVersion: 102.0.5005.61 (0e59bcc00cc4..., userDataDir: C:\Users\ADMINI~1\AppData\L...}, goog:chromeOptions: {debuggerAddress: localhost:51346}, javascriptEnabled: true, networkConnectionEnabled: false, pageLoadStrategy: normal, platform: WINDOWS, platformName: WINDOWS, proxy: Proxy(), se:cdp: ws://localhost:51346/devtoo..., se:cdpVersion: 102.0.5005.115, setWindowRect: true, strictFileInteractability: false, timeouts: {implicit: 0, pageLoad: 300000, script: 30000}, unhandledPromptBehavior: dismiss and notify, webauthn:extension:credBlob: true, webauthn:extension:largeBlob: true, webauthn:virtualAuthenticators: true}
Session ID: e907d6ca848f99731d4a4c828dbea637
at java.base/jdk.internal.reflect.NativeConstructorAccessorImpl.newInstance0(Native Method)
at java.base/jdk.internal.reflect.NativeConstructorAccessorImpl.newInstance(NativeConstructorAccessorImpl.java:78)
at java.base/jdk.internal.reflect.DelegatingConstructorAccessorImpl.newInstance(DelegatingConstructorAccessorImpl.java:45)
at java.base/java.lang.reflect.Constructor.newInstanceWithCaller(Constructor.java:499)
at java.base/java.lang.reflect.Constructor.newInstance(Constructor.java:480)
at org.openqa.selenium.remote.codec.w3c.W3CHttpResponseCodec.createException(W3CHttpResponseCodec.java:200)
at org.openqa.selenium.remote.codec.w3c.W3CHttpResponseCodec.decode(W3CHttpResponseCodec.java:133)
at org.openqa.selenium.remote.codec.w3c.W3CHttpResponseCodec.decode(W3CHttpResponseCodec.java:53)
at org.openqa.selenium.remote.HttpCommandExecutor.execute(HttpCommandExecutor.java:184)
at org.openqa.selenium.remote.service.DriverCommandExecutor.invokeExecute(DriverCommandExecutor.java:167)
at org.openqa.selenium.remote.service.DriverCommandExecutor.execute(DriverCommandExecutor.java:142)
at org.openqa.selenium.remote.RemoteWebDriver.execute(RemoteWebDriver.java:558)
at org.openqa.selenium.remote.ElementLocation$ElementFinder$2.findElement(ElementLocation.java:162)
at org.openqa.selenium.remote.ElementLocation.findElement(ElementLocation.java:60)
at org.openqa.selenium.remote.RemoteWebDriver.findElement(RemoteWebDriver.java:382)
at org.openqa.selenium.remote.RemoteWebDriver.findElement(RemoteWebDriver.java:374)
at pages.Cart.changeQuantity(Cart.java:30)
at com.automation.step_definitions.AddToCart.change_product_quantity(AddToCart.java:37)
at âœ½.User can change product quantity in shipping cart(file:///C:/Users/Administrator/Downloads/E-Commerce%20Automation-Test/E-Commerce%20Automation-Test/src/main/resources/features/F11_addToCart.feature:11)
]]>
    </error>
  </testcase> <!-- runScenario -->
  <system-out/>
  <testcase classname="com.automation.runners.TestRunner" name="runScenario" time="5.809"/>
  <system-out/>
  <testcase classname="com.automation.runners.TestRunner" name="runScenario" time="5.619"/>
  <system-out/>
</testsuite> <!-- com.automation.runners.TestRunner -->
